
=== Sun Dec 16 13:33:00 2018

Packages were changed.
Update Mode: updateDependencies

The following packages were added:
  com.unity.collab-proxy@1.2.15
The following packages were updated:
  com.unity.ads from version 2.0.8 to 2.3.1
  com.unity.analytics from version 2.0.16 to 3.2.2
  com.unity.package-manager-ui from version 1.9.11 to 2.0.3
  com.unity.textmeshpro from version 1.2.4 to 1.3.0

=== Tue Mar  5 13:30:21 2019

Packages were changed.
Update Mode: updateDependencies

The following packages were added:
  com.unity.timeline@1.0.0
  com.unity.xr.legacyinputhelpers@1.0.0
The following packages were updated:
  com.unity.analytics from version 3.2.2 to 3.3.2
  com.unity.package-manager-ui from version 2.0.3 to 2.1.1
  com.unity.render-pipelines.core from version 4.6.0-preview to 5.2.3
  com.unity.render-pipelines.lightweight from version 4.6.0-preview to 5.2.3
  com.unity.shadergraph from version 4.6.0-preview to 5.2.3

=== Thu Mar 21 19:42:22 2019

Packages were changed.
Update Mode: updateDependencies

The following packages were updated:
  com.unity.render-pipelines.core from version 5.2.3 to 5.6.1
  com.unity.render-pipelines.lightweight from version 5.2.3 to 5.6.1

=== Thu Apr 11 00:36:16 2019

Packages were changed.
Update Mode: updateDependencies

The following packages were updated:
  com.unity.package-manager-ui from version 2.1.1 to 2.1.2
  com.unity.render-pipelines.core from version 5.6.1 to 5.7.2
  com.unity.render-pipelines.lightweight from version 5.6.1 to 5.7.2
  com.unity.textmeshpro from version 1.3.0 to 2.0.0
  com.unity.xr.legacyinputhelpers from version 1.0.0 to 2.0.2

=== Fri Apr 19 12:07:36 2019

Packages were changed.
Update Mode: updateDependencies

The following packages were updated:
  com.unity.collab-proxy from version 1.2.15 to 1.2.16
  com.unity.purchasing from version 2.0.3 to 2.0.6
